{"/home/eduahcb/Documentos/projetos/library_markdown/src/catchFile.js": {"path":"/home/eduahcb/Documentos/projetos/library_markdown/src/catchFile.js","all":false,"statementMap":{"0":{"start":{"line":1,"column":0},"end":{"line":1,"column":24}},"1":{"start":{"line":2,"column":0},"end":{"line":2,"column":30}},"2":{"start":{"line":3,"column":0},"end":{"line":3,"column":0}},"3":{"start":{"line":4,"column":0},"end":{"line":4,"column":39}},"4":{"start":{"line":5,"column":0},"end":{"line":5,"column":24}},"5":{"start":{"line":6,"column":0},"end":{"line":6,"column":2}},"6":{"start":{"line":7,"column":0},"end":{"line":7,"column":7}},"7":{"start":{"line":8,"column":0},"end":{"line":8,"column":64}},"8":{"start":{"line":9,"column":0},"end":{"line":9,"column":0}},"9":{"start":{"line":10,"column":0},"end":{"line":10,"column":18}},"10":{"start":{"line":11,"column":0},"end":{"line":11,"column":19}},"11":{"start":{"line":12,"column":0},"end":{"line":12,"column":74}},"12":{"start":{"line":13,"column":0},"end":{"line":13,"column":3}},"13":{"start":{"line":14,"column":0},"end":{"line":14,"column":1}},"14":{"start":{"line":15,"column":0},"end":{"line":15,"column":0}},"15":{"start":{"line":16,"column":0},"end":{"line":16,"column":0}},"16":{"start":{"line":17,"column":0},"end":{"line":17,"column":26}}},"s":{"0":1,"1":1,"2":1,"3":1,"4":2,"5":2,"6":2,"7":2,"8":1,"9":1,"10":1,"11":1,"12":1,"13":2,"14":1,"15":1,"16":1},"branchMap":{"0":{"type":"branch","line":4,"loc":{"start":{"line":4,"column":18},"end":{"line":14,"column":1}},"locations":[{"start":{"line":4,"column":18},"end":{"line":14,"column":1}}]},"1":{"type":"branch","line":8,"loc":{"start":{"line":8,"column":4},"end":{"line":13,"column":3}},"locations":[{"start":{"line":8,"column":4},"end":{"line":13,"column":3}}]}},"b":{"0":[2],"1":[1]},"fnMap":{"0":{"name":"catchFile","decl":{"start":{"line":4,"column":18},"end":{"line":14,"column":1}},"loc":{"start":{"line":4,"column":18},"end":{"line":14,"column":1}},"line":4}},"f":{"0":2}}
,"/home/eduahcb/Documentos/projetos/library_markdown/src/checkStatus.js": {"path":"/home/eduahcb/Documentos/projetos/library_markdown/src/checkStatus.js","all":false,"statementMap":{"0":{"start":{"line":1,"column":0},"end":{"line":1,"column":30}},"1":{"start":{"line":2,"column":0},"end":{"line":2,"column":0}},"2":{"start":{"line":3,"column":0},"end":{"line":3,"column":0}},"3":{"start":{"line":4,"column":0},"end":{"line":4,"column":42}},"4":{"start":{"line":5,"column":0},"end":{"line":5,"column":0}},"5":{"start":{"line":6,"column":0},"end":{"line":6,"column":7}},"6":{"start":{"line":7,"column":0},"end":{"line":7,"column":37}},"7":{"start":{"line":8,"column":0},"end":{"line":8,"column":11}},"8":{"start":{"line":9,"column":0},"end":{"line":9,"column":17}},"9":{"start":{"line":10,"column":0},"end":{"line":10,"column":28}},"10":{"start":{"line":11,"column":0},"end":{"line":11,"column":45}},"11":{"start":{"line":12,"column":0},"end":{"line":12,"column":0}},"12":{"start":{"line":13,"column":0},"end":{"line":13,"column":30}},"13":{"start":{"line":14,"column":0},"end":{"line":14,"column":10}},"14":{"start":{"line":15,"column":0},"end":{"line":15,"column":7}},"15":{"start":{"line":16,"column":0},"end":{"line":16,"column":4}},"16":{"start":{"line":17,"column":0},"end":{"line":17,"column":22}},"17":{"start":{"line":18,"column":0},"end":{"line":18,"column":19}},"18":{"start":{"line":19,"column":0},"end":{"line":19,"column":34}},"19":{"start":{"line":20,"column":0},"end":{"line":20,"column":3}},"20":{"start":{"line":21,"column":0},"end":{"line":21,"column":1}},"21":{"start":{"line":22,"column":0},"end":{"line":22,"column":0}},"22":{"start":{"line":23,"column":0},"end":{"line":23,"column":0}},"23":{"start":{"line":24,"column":0},"end":{"line":24,"column":28}}},"s":{"0":1,"1":1,"2":1,"3":1,"4":2,"5":2,"6":2,"7":2,"8":2,"9":2,"10":2,"11":1,"12":1,"13":1,"14":1,"15":1,"16":1,"17":1,"18":1,"19":1,"20":2,"21":1,"22":1,"23":1},"branchMap":{"0":{"type":"branch","line":4,"loc":{"start":{"line":4,"column":20},"end":{"line":21,"column":1}},"locations":[{"start":{"line":4,"column":20},"end":{"line":21,"column":1}}]},"1":{"type":"branch","line":14,"loc":{"start":{"line":14,"column":9},"end":{"line":20,"column":3}},"locations":[{"start":{"line":14,"column":9},"end":{"line":20,"column":3}}]},"2":{"type":"branch","line":10,"loc":{"start":{"line":10,"column":14},"end":{"line":14,"column":10}},"locations":[{"start":{"line":10,"column":14},"end":{"line":14,"column":10}}]},"3":{"type":"branch","line":11,"loc":{"start":{"line":11,"column":10},"end":{"line":14,"column":10}},"locations":[{"start":{"line":11,"column":10},"end":{"line":14,"column":10}}]}},"b":{"0":[2],"1":[1],"2":[2],"3":[1]},"fnMap":{"0":{"name":"checkStatus","decl":{"start":{"line":4,"column":20},"end":{"line":21,"column":1}},"loc":{"start":{"line":4,"column":20},"end":{"line":21,"column":1}},"line":4}},"f":{"0":2}}
,"/home/eduahcb/Documentos/projetos/library_markdown/src/extractLinks.js": {"path":"/home/eduahcb/Documentos/projetos/library_markdown/src/extractLinks.js","all":false,"statementMap":{"0":{"start":{"line":1,"column":0},"end":{"line":1,"column":0}},"1":{"start":{"line":2,"column":0},"end":{"line":2,"column":30}},"2":{"start":{"line":3,"column":0},"end":{"line":3,"column":64}},"3":{"start":{"line":4,"column":0},"end":{"line":4,"column":2}},"4":{"start":{"line":5,"column":0},"end":{"line":5,"column":19}},"5":{"start":{"line":6,"column":0},"end":{"line":6,"column":15}},"6":{"start":{"line":7,"column":0},"end":{"line":7,"column":0}},"7":{"start":{"line":8,"column":0},"end":{"line":8,"column":45}},"8":{"start":{"line":9,"column":0},"end":{"line":9,"column":38}},"9":{"start":{"line":10,"column":0},"end":{"line":10,"column":3}},"10":{"start":{"line":11,"column":0},"end":{"line":11,"column":2}},"11":{"start":{"line":12,"column":0},"end":{"line":12,"column":55}},"12":{"start":{"line":13,"column":0},"end":{"line":13,"column":1}},"13":{"start":{"line":14,"column":0},"end":{"line":14,"column":0}},"14":{"start":{"line":15,"column":0},"end":{"line":15,"column":29}}},"s":{"0":1,"1":1,"2":2,"3":2,"4":2,"5":2,"6":2,"7":2,"8":1,"9":1,"10":2,"11":2,"12":2,"13":1,"14":1},"branchMap":{"0":{"type":"branch","line":2,"loc":{"start":{"line":2,"column":21},"end":{"line":13,"column":1}},"locations":[{"start":{"line":2,"column":21},"end":{"line":13,"column":1}}]},"1":{"type":"branch","line":8,"loc":{"start":{"line":8,"column":44},"end":{"line":10,"column":3}},"locations":[{"start":{"line":8,"column":44},"end":{"line":10,"column":3}}]},"2":{"type":"branch","line":12,"loc":{"start":{"line":12,"column":9},"end":{"line":12,"column":36}},"locations":[{"start":{"line":12,"column":9},"end":{"line":12,"column":36}}]},"3":{"type":"branch","line":12,"loc":{"start":{"line":12,"column":9},"end":{"line":12,"column":55}},"locations":[{"start":{"line":12,"column":9},"end":{"line":12,"column":55}}]}},"b":{"0":[2],"1":[1],"2":[1],"3":[1]},"fnMap":{"0":{"name":"extractLinks","decl":{"start":{"line":2,"column":21},"end":{"line":13,"column":1}},"loc":{"start":{"line":2,"column":21},"end":{"line":13,"column":1}},"line":2}},"f":{"0":2}}
,"/home/eduahcb/Documentos/projetos/library_markdown/src/validatedLinks.js": {"path":"/home/eduahcb/Documentos/projetos/library_markdown/src/validatedLinks.js","all":false,"statementMap":{"0":{"start":{"line":1,"column":0},"end":{"line":1,"column":44}},"1":{"start":{"line":2,"column":0},"end":{"line":2,"column":0}},"2":{"start":{"line":3,"column":0},"end":{"line":3,"column":39}},"3":{"start":{"line":4,"column":0},"end":{"line":4,"column":62}},"4":{"start":{"line":5,"column":0},"end":{"line":5,"column":1}},"5":{"start":{"line":6,"column":0},"end":{"line":6,"column":0}},"6":{"start":{"line":7,"column":0},"end":{"line":7,"column":46}},"7":{"start":{"line":8,"column":0},"end":{"line":8,"column":41}},"8":{"start":{"line":9,"column":0},"end":{"line":9,"column":0}},"9":{"start":{"line":10,"column":0},"end":{"line":10,"column":46}},"10":{"start":{"line":11,"column":0},"end":{"line":11,"column":0}},"11":{"start":{"line":12,"column":0},"end":{"line":12,"column":45}},"12":{"start":{"line":13,"column":0},"end":{"line":13,"column":14}},"13":{"start":{"line":14,"column":0},"end":{"line":14,"column":30}},"14":{"start":{"line":15,"column":0},"end":{"line":15,"column":5}},"15":{"start":{"line":16,"column":0},"end":{"line":16,"column":1}},"16":{"start":{"line":17,"column":0},"end":{"line":17,"column":0}},"17":{"start":{"line":18,"column":0},"end":{"line":18,"column":31}}},"s":{"0":1,"1":1,"2":1,"3":2,"4":2,"5":1,"6":1,"7":2,"8":2,"9":2,"10":1,"11":1,"12":1,"13":1,"14":1,"15":1,"16":1,"17":1},"branchMap":{"0":{"type":"branch","line":3,"loc":{"start":{"line":3,"column":23},"end":{"line":5,"column":1}},"locations":[{"start":{"line":3,"column":23},"end":{"line":5,"column":1}}]},"1":{"type":"branch","line":4,"loc":{"start":{"line":4,"column":26},"end":{"line":4,"column":41}},"locations":[{"start":{"line":4,"column":26},"end":{"line":4,"column":41}}]},"2":{"type":"branch","line":7,"loc":{"start":{"line":7,"column":23},"end":{"line":16,"column":1}},"locations":[{"start":{"line":7,"column":23},"end":{"line":16,"column":1}}]},"3":{"type":"branch","line":10,"loc":{"start":{"line":10,"column":2},"end":{"line":16,"column":1}},"locations":[{"start":{"line":10,"column":2},"end":{"line":16,"column":1}}]},"4":{"type":"branch","line":12,"loc":{"start":{"line":12,"column":24},"end":{"line":12,"column":25}},"locations":[{"start":{"line":12,"column":24},"end":{"line":12,"column":25}}]}},"b":{"0":[2],"1":[2],"2":[2],"3":[1],"4":[1]},"fnMap":{"0":{"name":"getArrayOfUrl","decl":{"start":{"line":3,"column":23},"end":{"line":5,"column":1}},"loc":{"start":{"line":3,"column":23},"end":{"line":5,"column":1}},"line":3},"1":{"name":"validatedLinks","decl":{"start":{"line":7,"column":23},"end":{"line":16,"column":1}},"loc":{"start":{"line":7,"column":23},"end":{"line":16,"column":1}},"line":7}},"f":{"0":2,"1":2}}
}
