TN:
SF:src/catchFile.js
FN:4,catchFile
FNF:1
FNH:1
FNDA:2,catchFile
DA:1,1
DA:2,1
DA:3,1
DA:4,1
DA:5,2
DA:6,2
DA:7,2
DA:8,2
DA:9,1
DA:10,1
DA:11,1
DA:12,1
DA:13,1
DA:14,2
DA:15,1
DA:16,1
DA:17,1
LF:17
LH:17
BRDA:4,0,0,2
BRDA:8,1,0,1
BRF:2
BRH:2
end_of_record
TN:
SF:src/checkStatus.js
FN:4,checkStatus
FNF:1
FNH:1
FNDA:2,checkStatus
DA:1,1
DA:2,1
DA:3,1
DA:4,1
DA:5,2
DA:6,2
DA:7,2
DA:8,2
DA:9,2
DA:10,2
DA:11,2
DA:12,1
DA:13,1
DA:14,1
DA:15,1
DA:16,1
DA:17,1
DA:18,1
DA:19,1
DA:20,1
DA:21,2
DA:22,1
DA:23,1
DA:24,1
LF:24
LH:24
BRDA:4,0,0,2
BRDA:14,1,0,1
BRDA:10,2,0,2
BRDA:11,3,0,1
BRF:4
BRH:4
end_of_record
TN:
SF:src/extractLinks.js
FN:2,extractLinks
FNF:1
FNH:1
FNDA:2,extractLinks
DA:1,1
DA:2,1
DA:3,2
DA:4,2
DA:5,2
DA:6,2
DA:7,2
DA:8,2
DA:9,1
DA:10,1
DA:11,2
DA:12,2
DA:13,2
DA:14,1
DA:15,1
LF:15
LH:15
BRDA:2,0,0,2
BRDA:8,1,0,1
BRDA:12,2,0,1
BRDA:12,3,0,1
BRF:4
BRH:4
end_of_record
TN:
SF:src/validatedLinks.js
FN:3,getArrayOfUrl
FN:7,validatedLinks
FNF:2
FNH:2
FNDA:2,getArrayOfUrl
FNDA:2,validatedLinks
DA:1,1
DA:2,1
DA:3,1
DA:4,2
DA:5,2
DA:6,1
DA:7,1
DA:8,2
DA:9,2
DA:10,2
DA:11,1
DA:12,1
DA:13,1
DA:14,1
DA:15,1
DA:16,1
DA:17,1
DA:18,1
LF:18
LH:18
BRDA:3,0,0,2
BRDA:4,1,0,2
BRDA:7,2,0,2
BRDA:10,3,0,1
BRDA:12,4,0,1
BRF:5
BRH:5
end_of_record
